[debug] [2021-06-19T23:32:08.209Z] ----------------------------------------------------------------------
[debug] [2021-06-19T23:32:08.214Z] Command:       C:\Program Files\nodejs\node.exe C:\Users\Guidin\AppData\Roaming\npm\node_modules\firebase-tools\lib\bin\firebase.js login
[debug] [2021-06-19T23:32:08.215Z] CLI Version:   9.13.1
[debug] [2021-06-19T23:32:08.215Z] Platform:      win32
[debug] [2021-06-19T23:32:08.216Z] Node Version:  v14.13.1
[debug] [2021-06-19T23:32:08.218Z] Time:          Sat Jun 19 2021 20:32:08 GMT-0300 (hora estándar de Argentina)
[debug] [2021-06-19T23:32:08.219Z] ----------------------------------------------------------------------
[debug] 
[debug] [2021-06-19T23:32:08.225Z] >>> [apiv2][query] GET https://firebase-public.firebaseio.com/cli.json [none]
[info] i  Firebase optionally collects CLI usage and error reporting information to help improve our products. Data is collected in accordance with Google's privacy policy (https://policies.google.com/privacy) and is not used to identify you.
 
[debug] [2021-06-19T23:32:09.041Z] <<< [apiv2][status] GET https://firebase-public.firebaseio.com/cli.json 200
[debug] [2021-06-19T23:32:09.042Z] <<< [apiv2][body] GET https://firebase-public.firebaseio.com/cli.json {"cloudBuildErrorAfter":1594252800000,"cloudBuildWarnAfter":1590019200000,"defaultNode10After":1594252800000,"minVersion":"3.0.5","node8DeploysDisabledAfter":1613390400000,"node8RuntimeDisabledAfter":1615809600000,"node8WarnAfter":1600128000000}
[info] 
[info] Visit this URL on this device to log in:
[info] https://accounts.google.com/o/oauth2/auth?client_id=563584335869-fgrhgmd47bqnekij5i8b5pr03ho849e6.apps.googleusercontent.com&scope=email%20openid%20https%3A%2F%2Fwww.googleapis.com%2Fauth%2Fcloudplatformprojects.readonly%20https%3A%2F%2Fwww.googleapis.com%2Fauth%2Ffirebase%20https%3A%2F%2Fwww.googleapis.com%2Fauth%2Fcloud-platform&response_type=code&state=653811133&redirect_uri=http%3A%2F%2Flocalhost%3A9005
[info] 
[info] Waiting for authentication...
[debug] [2021-06-19T23:34:08.281Z] ----------------------------------------------------------------------
[debug] [2021-06-19T23:34:08.289Z] Command:       C:\Program Files\nodejs\node.exe C:\Users\Guidin\AppData\Roaming\npm\node_modules\firebase-tools\lib\bin\firebase.js login
[debug] [2021-06-19T23:34:08.290Z] CLI Version:   9.13.1
[debug] [2021-06-19T23:34:08.290Z] Platform:      win32
[debug] [2021-06-19T23:34:08.291Z] Node Version:  v14.13.1
[debug] [2021-06-19T23:34:08.293Z] Time:          Sat Jun 19 2021 20:34:08 GMT-0300 (hora estándar de Argentina)
[debug] [2021-06-19T23:34:08.294Z] ----------------------------------------------------------------------
[debug] 
[info] i  Firebase optionally collects CLI usage and error reporting information to help improve our products. Data is collected in accordance with Google's privacy policy (https://policies.google.com/privacy) and is not used to identify you.
 
[info] i  To change your data collection preference at any time, run `firebase logout` and log in again. 
[info] 
[info] Visit this URL on this device to log in:
[info] https://accounts.google.com/o/oauth2/auth?client_id=563584335869-fgrhgmd47bqnekij5i8b5pr03ho849e6.apps.googleusercontent.com&scope=email%20openid%20https%3A%2F%2Fwww.googleapis.com%2Fauth%2Fcloudplatformprojects.readonly%20https%3A%2F%2Fwww.googleapis.com%2Fauth%2Ffirebase%20https%3A%2F%2Fwww.googleapis.com%2Fauth%2Fcloud-platform&response_type=code&state=487011327&redirect_uri=http%3A%2F%2Flocalhost%3A9005
[info] 
[info] Waiting for authentication...
